<?xml version="1.0" encoding="UTF-8"?>
<!-- Generated by org.testng.reporters.JUnitReportReporter -->
<testsuite hostname="DESKTOP-NJQ0HBE" failures="0" tests="1" name="com.ecommerce.testCases.TC_AutoSearchTest_001" time="3.614" errors="0" timestamp="2022-06-28T13:05:16 PKT" skipped="0">
  <testcase classname="com.ecommerce.testCases.TC_AutoSearchTest_001" name="AutoSearchTest" time="3.614"/>
  <system-out/>
</testsuite> <!-- com.ecommerce.testCases.TC_AutoSearchTest_001 -->
