<?xml version="1.0" encoding="UTF-8"?>
<!-- Generated by org.testng.reporters.JUnitReportReporter -->
<testsuite hostname="DESKTOP-NJQ0HBE" failures="0" tests="3" name="com.ecommerce.testCases.Profile_TC_002" time="9.177" errors="0" timestamp="2023-06-15T03:03:43 PKT" skipped="0">
  <testcase classname="com.ecommerce.testCases.Profile_TC_002" name="loginTest" time="0.482"/>
  <system-out/>
  <testcase classname="com.ecommerce.testCases.Profile_TC_002" name="visitProfile" time="5.502"/>
  <system-out/>
  <testcase classname="com.ecommerce.testCases.Profile_TC_002" name="enableShotcuts" time="3.193"/>
  <system-out/>
</testsuite> <!-- com.ecommerce.testCases.Profile_TC_002 -->
