<?xml version="1.0" encoding="UTF-8"?>
<!-- Generated by org.testng.reporters.JUnitReportReporter -->
<testsuite hostname="DESKTOP-NJQ0HBE" failures="0" tests="3" name="com.ecommerce.testCases.Login_TC_001" time="10.848" errors="0" timestamp="2023-06-15T03:03:43 PKT" skipped="0">
  <testcase classname="com.ecommerce.testCases.Login_TC_001" name="login" time="0.563"/>
  <system-out/>
  <testcase classname="com.ecommerce.testCases.Login_TC_001" name="visitProfile" time="6.965"/>
  <system-out/>
  <testcase classname="com.ecommerce.testCases.Login_TC_001" name="searchQuery" time="3.320"/>
  <system-out/>
</testsuite> <!-- com.ecommerce.testCases.Login_TC_001 -->
