<?xml version="1.0" encoding="UTF-8"?>
<!-- Generated by org.testng.reporters.JUnitReportReporter -->
<testsuite hostname="DESKTOP-NJQ0HBE" failures="0" tests="1" name="com.ecommerce.testCases.TC_DatePickerTest_002" time="6.071" errors="0" timestamp="2022-06-27T12:11:21 PKT" skipped="0">
  <testcase classname="com.ecommerce.testCases.TC_DatePickerTest_002" name="DataPickerTest" time="6.071"/>
  <system-out/>
</testsuite> <!-- com.ecommerce.testCases.TC_DatePickerTest_002 -->
