<?xml version="1.0" encoding="UTF-8"?>
<!-- Generated by org.testng.reporters.JUnitReportReporter -->
<testsuite hostname="DESKTOP-NJQ0HBE" failures="0" tests="1" name="com.ecommerce.testCases.BaseClass" time="43.609" errors="0" timestamp="2022-06-11T23:29:44 PKT" skipped="0">
  <testcase classname="com.ecommerce.testCases.BaseClass" name="start" time="43.609"/>
  <system-out/>
</testsuite> <!-- com.ecommerce.testCases.BaseClass -->
