<?xml version="1.0" encoding="UTF-8"?>
<!-- Generated by org.testng.reporters.JUnitReportReporter -->
<testsuite hostname="DESKTOP-NJQ0HBE" failures="0" tests="1" name="com.ecommerce.testCases.BaseClass" time="16.986" errors="0" timestamp="2022-06-11T07:13:59 PKT" skipped="0">
  <testcase classname="com.ecommerce.testCases.BaseClass" name="start" time="16.986"/>
  <system-out/>
</testsuite> <!-- com.ecommerce.testCases.BaseClass -->
